<?xml version="1.0" encoding="UTF-8"?>
<coverage generated="1784304936600" clover="3.2.0">
  <project timestamp="1784304936600" name="All files">
    <metrics statements="10" coveredstatements="8" conditionals="6" coveredconditionals="5" methods="4" coveredmethods="2" elements="20" coveredelements="15" complexity="0" loc="10" ncloc="10" packages="1" files="1" classes="1"/>
    <file name="Blog.jsx" path="/home/anton/moocfi /blog/blog-frontend/src/components/Blog.jsx">
      <metrics statements="10" coveredstatements="8" conditionals="6" coveredconditionals="5" methods="4" coveredmethods="2"/>
      <line num="3" count="1" type="stmt"/>
      <line num="5" count="2" type="stmt"/>
      <line num="8" count="2" type="stmt"/>
      <line num="18" count="2" type="cond" truecount="2" falsecount="0"/>
      <line num="19" count="2" type="cond" truecount="2" falsecount="0"/>
      <line num="22" count="2" type="stmt"/>
      <line num="23" count="1" type="stmt"/>
      <line num="26" count="2" type="stmt"/>
      <line num="53" count="0" type="stmt"/>
      <line num="58" count="0" type="stmt"/>
    </file>
  </project>
</coverage>
