{"/home/anton/moocfi /blog/blog-frontend/src/components/Blog.jsx": {"path":"/home/anton/moocfi /blog/blog-frontend/src/components/Blog.jsx","statementMap":{"0":{"start":{"line":3,"column":13},"end":{"line":64,"column":null}},"1":{"start":{"line":5,"column":28},"end":{"line":5,"column":null}},"2":{"start":{"line":8,"column":20},"end":{"line":15,"column":null}},"3":{"start":{"line":18,"column":26},"end":{"line":18,"column":null}},"4":{"start":{"line":19,"column":26},"end":{"line":19,"column":null}},"5":{"start":{"line":22,"column":27},"end":{"line":24,"column":null}},"6":{"start":{"line":23,"column":4},"end":{"line":23,"column":null}},"7":{"start":{"line":26,"column":2},"end":{"line":62,"column":null}},"8":{"start":{"line":53,"column":33},"end":{"line":53,"column":51}},"9":{"start":{"line":58,"column":31},"end":{"line":58,"column":66}}},"fnMap":{"0":{"name":"(anonymous_0)","decl":{"start":{"line":3,"column":13},"end":{"line":3,"column":14}},"loc":{"start":{"line":3,"column":53},"end":{"line":64,"column":null}},"line":3},"1":{"name":"(anonymous_1)","decl":{"start":{"line":22,"column":27},"end":{"line":22,"column":33}},"loc":{"start":{"line":22,"column":33},"end":{"line":24,"column":null}},"line":22},"2":{"name":"(anonymous_2)","decl":{"start":{"line":53,"column":27},"end":{"line":53,"column":33}},"loc":{"start":{"line":53,"column":33},"end":{"line":53,"column":51}},"line":53},"3":{"name":"(anonymous_3)","decl":{"start":{"line":58,"column":25},"end":{"line":58,"column":31}},"loc":{"start":{"line":58,"column":31},"end":{"line":58,"column":66}},"line":58}},"branchMap":{"0":{"loc":{"start":{"line":18,"column":37},"end":{"line":18,"column":59}},"type":"cond-expr","locations":[{"start":{"line":18,"column":47},"end":{"line":18,"column":56}},{"start":{"line":18,"column":56},"end":{"line":18,"column":59}}],"line":18},"1":{"loc":{"start":{"line":19,"column":37},"end":{"line":19,"column":59}},"type":"cond-expr","locations":[{"start":{"line":19,"column":47},"end":{"line":19,"column":52}},{"start":{"line":19,"column":52},"end":{"line":19,"column":59}}],"line":19},"2":{"loc":{"start":{"line":57,"column":24},"end":{"line":57,"column":68}},"type":"cond-expr","locations":[{"start":{"line":57,"column":36},"end":{"line":57,"column":53}},{"start":{"line":57,"column":53},"end":{"line":57,"column":68}}],"line":57}},"s":{"0":1,"1":2,"2":2,"3":2,"4":2,"5":2,"6":1,"7":2,"8":0,"9":0},"f":{"0":2,"1":1,"2":0,"3":0},"b":{"0":[1,1],"1":[1,1],"2":[2,0]},"meta":{"lastBranch":3,"lastFunction":4,"lastStatement":10,"seen":{"s:3:13:64:Infinity":0,"f:3:13:3:14":0,"s:5:28:5:Infinity":1,"s:8:20:15:Infinity":2,"s:18:26:18:Infinity":3,"b:18:47:18:56:18:56:18:59":0,"s:19:26:19:Infinity":4,"b:19:47:19:52:19:52:19:59":1,"s:22:27:24:Infinity":5,"f:22:27:22:33":1,"s:23:4:23:Infinity":6,"s:26:2:62:Infinity":7,"f:53:27:53:33":2,"s:53:33:53:51":8,"b:57:36:57:53:57:53:57:68":2,"f:58:25:58:31":3,"s:58:31:58:66":9},"fnNames":{}}}
}
